Analysis & Synthesis report for controlador_can
Mon Nov 20 18:31:52 2017
Quartus II Version 9.0 Build 132 02/25/2009 SJ Web Edition


---------------------
; Table of Contents ;
---------------------
  1. Legal Notice
  2. Analysis & Synthesis Summary
  3. Analysis & Synthesis Settings
  4. Analysis & Synthesis Source Files Read
  5. Analysis & Synthesis Resource Usage Summary
  6. Analysis & Synthesis Resource Utilization by Entity
  7. State Machine - |controlador_can|state
  8. User-Specified and Inferred Latches
  9. General Register Statistics
 10. Multiplexer Restructuring Statistics (Restructuring Performed)
 11. Source assignments for Top-level Entity: |controlador_can
 12. Parameter Settings for User Entity Instance: Top-level Entity: |controlador_can
 13. Analysis & Synthesis Messages



----------------
; Legal Notice ;
----------------
Copyright (C) 1991-2009 Altera Corporation
Your use of Altera Corporation's design tools, logic functions 
and other software and tools, and its AMPP partner logic 
functions, and any output files from any of the foregoing 
(including device programming or simulation files), and any 
associated documentation or information are expressly subject 
to the terms and conditions of the Altera Program License 
Subscription Agreement, Altera MegaCore Function License 
Agreement, or other applicable license agreement, including, 
without limitation, that your use is for the sole purpose of 
programming logic devices manufactured by Altera and sold by 
Altera or its authorized distributors.  Please refer to the 
applicable agreement for further details.



+-------------------------------------------------------------------------+
; Analysis & Synthesis Summary                                            ;
+-------------------------------+-----------------------------------------+
; Analysis & Synthesis Status   ; Successful - Mon Nov 20 18:31:52 2017   ;
; Quartus II Version            ; 9.0 Build 132 02/25/2009 SJ Web Edition ;
; Revision Name                 ; controlador_can                         ;
; Top-level Entity Name         ; controlador_can                         ;
; Family                        ; Stratix II                              ;
; Logic utilization             ; N/A                                     ;
;     Combinational ALUTs       ; 121                                     ;
;     Dedicated logic registers ; 242                                     ;
; Total registers               ; 242                                     ;
; Total pins                    ; 88                                      ;
; Total virtual pins            ; 0                                       ;
; Total block memory bits       ; 0                                       ;
; DSP block 9-bit elements      ; 0                                       ;
; Total PLLs                    ; 0                                       ;
; Total DLLs                    ; 0                                       ;
+-------------------------------+-----------------------------------------+


+----------------------------------------------------------------------------------------------------------+
; Analysis & Synthesis Settings                                                                            ;
+----------------------------------------------------------------+--------------------+--------------------+
; Option                                                         ; Setting            ; Default Value      ;
+----------------------------------------------------------------+--------------------+--------------------+
; Top-level entity name                                          ; controlador_can    ; controlador_can    ;
; Family name                                                    ; Stratix II         ; Stratix II         ;
; Use Generated Physical Constraints File                        ; Off                ;                    ;
; Use smart compilation                                          ; Off                ; Off                ;
; Restructure Multiplexers                                       ; Auto               ; Auto               ;
; Create Debugging Nodes for IP Cores                            ; Off                ; Off                ;
; Preserve fewer node names                                      ; On                 ; On                 ;
; Disable OpenCore Plus hardware evaluation                      ; Off                ; Off                ;
; Verilog Version                                                ; Verilog_2001       ; Verilog_2001       ;
; VHDL Version                                                   ; VHDL93             ; VHDL93             ;
; State Machine Processing                                       ; Auto               ; Auto               ;
; Safe State Machine                                             ; Off                ; Off                ;
; Extract Verilog State Machines                                 ; On                 ; On                 ;
; Extract VHDL State Machines                                    ; On                 ; On                 ;
; Ignore Verilog initial constructs                              ; Off                ; Off                ;
; Iteration limit for constant Verilog loops                     ; 5000               ; 5000               ;
; Iteration limit for non-constant Verilog loops                 ; 250                ; 250                ;
; Add Pass-Through Logic to Inferred RAMs                        ; On                 ; On                 ;
; Parallel Synthesis                                             ; Off                ; Off                ;
; DSP Block Balancing                                            ; Auto               ; Auto               ;
; NOT Gate Push-Back                                             ; On                 ; On                 ;
; Power-Up Don't Care                                            ; On                 ; On                 ;
; Remove Redundant Logic Cells                                   ; Off                ; Off                ;
; Remove Duplicate Registers                                     ; On                 ; On                 ;
; Ignore CARRY Buffers                                           ; Off                ; Off                ;
; Ignore CASCADE Buffers                                         ; Off                ; Off                ;
; Ignore GLOBAL Buffers                                          ; Off                ; Off                ;
; Ignore ROW GLOBAL Buffers                                      ; Off                ; Off                ;
; Ignore LCELL Buffers                                           ; Off                ; Off                ;
; Ignore SOFT Buffers                                            ; On                 ; On                 ;
; Limit AHDL Integers to 32 Bits                                 ; Off                ; Off                ;
; Optimization Technique                                         ; Balanced           ; Balanced           ;
; Carry Chain Length                                             ; 70                 ; 70                 ;
; Auto Carry Chains                                              ; On                 ; On                 ;
; Auto Open-Drain Pins                                           ; On                 ; On                 ;
; Perform WYSIWYG Primitive Resynthesis                          ; Off                ; Off                ;
; Auto ROM Replacement                                           ; On                 ; On                 ;
; Auto RAM Replacement                                           ; On                 ; On                 ;
; Auto DSP Block Replacement                                     ; On                 ; On                 ;
; Auto Shift Register Replacement                                ; Auto               ; Auto               ;
; Auto Clock Enable Replacement                                  ; On                 ; On                 ;
; Strict RAM Replacement                                         ; Off                ; Off                ;
; Allow Synchronous Control Signals                              ; On                 ; On                 ;
; Force Use of Synchronous Clear Signals                         ; Off                ; Off                ;
; Auto RAM Block Balancing                                       ; On                 ; On                 ;
; Auto RAM to Logic Cell Conversion                              ; Off                ; Off                ;
; Auto Resource Sharing                                          ; Off                ; Off                ;
; Allow Any RAM Size For Recognition                             ; Off                ; Off                ;
; Allow Any ROM Size For Recognition                             ; Off                ; Off                ;
; Allow Any Shift Register Size For Recognition                  ; Off                ; Off                ;
; Use LogicLock Constraints during Resource Balancing            ; On                 ; On                 ;
; Ignore translate_off and synthesis_off directives              ; Off                ; Off                ;
; Timing-Driven Synthesis                                        ; Off                ; Off                ;
; Show Parameter Settings Tables in Synthesis Report             ; On                 ; On                 ;
; Ignore Maximum Fan-Out Assignments                             ; Off                ; Off                ;
; Synchronization Register Chain Length                          ; 2                  ; 2                  ;
; PowerPlay Power Optimization                                   ; Normal compilation ; Normal compilation ;
; HDL message level                                              ; Level2             ; Level2             ;
; Suppress Register Optimization Related Messages                ; Off                ; Off                ;
; Number of Removed Registers Reported in Synthesis Report       ; 100                ; 100                ;
; Number of Inverted Registers Reported in Synthesis Report      ; 100                ; 100                ;
; Clock MUX Protection                                           ; On                 ; On                 ;
; Auto Gated Clock Conversion                                    ; Off                ; Off                ;
; Block Design Naming                                            ; Auto               ; Auto               ;
; SDC constraint protection                                      ; Off                ; Off                ;
; Synthesis Effort                                               ; Auto               ; Auto               ;
; Allows Asynchronous Clear Usage For Shift Register Replacement ; On                 ; On                 ;
; Analysis & Synthesis Message Level                             ; Medium             ; Medium             ;
+----------------------------------------------------------------+--------------------+--------------------+


+---------------------------------------------------------------------------------------------------------------------------------------------------------------+
; Analysis & Synthesis Source Files Read                                                                                                                        ;
+----------------------------------+-----------------+-----------------+----------------------------------------------------------------------------------------+
; File Name with User-Entered Path ; Used in Netlist ; File Type       ; File Name with Absolute Path                                                           ;
+----------------------------------+-----------------+-----------------+----------------------------------------------------------------------------------------+
; controlador_can.vhd              ; yes             ; User VHDL File  ; C:/Users/joseb/Dropbox/FING/DisLog2/Proyecto/03_InterfazCAN/Buffer/controlador_can.vhd ;
+----------------------------------+-----------------+-----------------+----------------------------------------------------------------------------------------+


+-------------------------------------------------------+
; Analysis & Synthesis Resource Usage Summary           ;
+-----------------------------------------------+-------+
; Resource                                      ; Usage ;
+-----------------------------------------------+-------+
; Estimated ALUTs Used                          ; 121   ;
; Dedicated logic registers                     ; 242   ;
;                                               ;       ;
; Estimated ALUTs Unavailable                   ; 4     ;
;                                               ;       ;
; Total combinational functions                 ; 121   ;
; Combinational ALUT usage by number of inputs  ;       ;
;     -- 7 input functions                      ; 1     ;
;     -- 6 input functions                      ; 9     ;
;     -- 5 input functions                      ; 10    ;
;     -- 4 input functions                      ; 16    ;
;     -- <=3 input functions                    ; 85    ;
;                                               ;       ;
; Combinational ALUTs by mode                   ;       ;
;     -- normal mode                            ; 64    ;
;     -- extended LUT mode                      ; 1     ;
;     -- arithmetic mode                        ; 56    ;
;     -- shared arithmetic mode                 ; 0     ;
;                                               ;       ;
; Estimated ALUT/register pairs used            ; 290   ;
;                                               ;       ;
; Total registers                               ; 242   ;
;     -- Dedicated logic registers              ; 242   ;
;     -- I/O registers                          ; 0     ;
;                                               ;       ;
; Estimated ALMs:  partially or completely used ; 145   ;
;                                               ;       ;
; I/O pins                                      ; 88    ;
; Maximum fan-out node                          ; clk   ;
; Maximum fan-out                               ; 242   ;
; Total fan-out                                 ; 1374  ;
; Average fan-out                               ; 3.05  ;
+-----------------------------------------------+-------+


+-----------------------------------------------------------------------------------------------------------------------------------------------------------------------------------------------+
; Analysis & Synthesis Resource Utilization by Entity                                                                                                                                           ;
+----------------------------+-------------------+--------------+-------------------+--------------+---------+-----------+-----------+------+--------------+---------------------+--------------+
; Compilation Hierarchy Node ; LC Combinationals ; LC Registers ; Block Memory Bits ; DSP Elements ; DSP 9x9 ; DSP 18x18 ; DSP 36x36 ; Pins ; Virtual Pins ; Full Hierarchy Name ; Library Name ;
+----------------------------+-------------------+--------------+-------------------+--------------+---------+-----------+-----------+------+--------------+---------------------+--------------+
; |controlador_can           ; 121 (121)         ; 242 (242)    ; 0                 ; 0            ; 0       ; 0         ; 0         ; 88   ; 0            ; |controlador_can    ; work         ;
+----------------------------+-------------------+--------------+-------------------+--------------+---------+-----------+-----------+------+--------------+---------------------+--------------+
Note: For table entries with two numbers listed, the numbers in parentheses indicate the number of resources of the given type used by the specific entity alone. The numbers listed outside of parentheses indicate the total resources of the given type used by the specific entity and all of its sub-entities in the hierarchy.


Encoding Type:  One-Hot
+--------------------------------------------------------------------------------------------------------------------------------------------------------------------------------------------------------------+
; State Machine - |controlador_can|state                                                                                                                                                                       ;
+-----------------------------+-----------------------+------------------------+---------------+----------------+-------------------+---------------------+-----------------------------+----------------------+
; Name                        ; state.guardar_mensaje ; state.lee_end_of_frame ; state.lee_crc ; state.lee_data ; state.lee_control ; state.lee_arbitraje ; state.espera_start_of_frame ; state.estado_inicial ;
+-----------------------------+-----------------------+------------------------+---------------+----------------+-------------------+---------------------+-----------------------------+----------------------+
; state.estado_inicial        ; 0                     ; 0                      ; 0             ; 0              ; 0                 ; 0                   ; 0                           ; 0                    ;
; state.espera_start_of_frame ; 0                     ; 0                      ; 0             ; 0              ; 0                 ; 0                   ; 1                           ; 1                    ;
; state.lee_arbitraje         ; 0                     ; 0                      ; 0             ; 0              ; 0                 ; 1                   ; 0                           ; 1                    ;
; state.lee_control           ; 0                     ; 0                      ; 0             ; 0              ; 1                 ; 0                   ; 0                           ; 1                    ;
; state.lee_data              ; 0                     ; 0                      ; 0             ; 1              ; 0                 ; 0                   ; 0                           ; 1                    ;
; state.lee_crc               ; 0                     ; 0                      ; 1             ; 0              ; 0                 ; 0                   ; 0                           ; 1                    ;
; state.lee_end_of_frame      ; 0                     ; 1                      ; 0             ; 0              ; 0                 ; 0                   ; 0                           ; 1                    ;
; state.guardar_mensaje       ; 1                     ; 0                      ; 0             ; 0              ; 0                 ; 0                   ; 0                           ; 1                    ;
+-----------------------------+-----------------------+------------------------+---------------+----------------+-------------------+---------------------+-----------------------------+----------------------+


+---------------------------------------------------------------------------------------------------+
; User-Specified and Inferred Latches                                                               ;
+----------------------------------------------------+---------------------+------------------------+
; Latch Name                                         ; Latch Enable Signal ; Free of Timing Hazards ;
+----------------------------------------------------+---------------------+------------------------+
; largo_data[3]                                      ; Selector4           ; yes                    ;
; largo_data[4]                                      ; Selector4           ; yes                    ;
; largo_data[5]                                      ; Selector4           ; yes                    ;
; largo_data[6]                                      ; Selector4           ; yes                    ;
; Number of user-specified and inferred latches = 4  ;                     ;                        ;
+----------------------------------------------------+---------------------+------------------------+
Note: All latches listed above may not be present at the end of synthesis due to various synthesis optimizations.


+------------------------------------------------------+
; General Register Statistics                          ;
+----------------------------------------------+-------+
; Statistic                                    ; Value ;
+----------------------------------------------+-------+
; Total registers                              ; 242   ;
; Number of registers using Synchronous Clear  ; 153   ;
; Number of registers using Synchronous Load   ; 36    ;
; Number of registers using Asynchronous Clear ; 8     ;
; Number of registers using Asynchronous Load  ; 0     ;
; Number of registers using Clock Enable       ; 233   ;
; Number of registers using Preset             ; 0     ;
+----------------------------------------------+-------+


+-------------------------------------------------------------------------------------------------------------------------------------------------------------------+
; Multiplexer Restructuring Statistics (Restructuring Performed)                                                                                                    ;
+--------------------+-----------+---------------+----------------------+------------------------+------------+-----------------------------------------------------+
; Multiplexer Inputs ; Bus Width ; Baseline Area ; Area if Restructured ; Saving if Restructured ; Registered ; Example Multiplexer Output                          ;
+--------------------+-----------+---------------+----------------------+------------------------+------------+-----------------------------------------------------+
; 3:1                ; 80 bits   ; 160 ALUTs     ; 0 ALUTs              ; 160 ALUTs              ; Yes        ; |controlador_can|fifo_data[7]~reg0                  ;
; 3:1                ; 7 bits    ; 14 ALUTs      ; 7 ALUTs              ; 7 ALUTs                ; Yes        ; |controlador_can|contador_de_arbitraje[5]           ;
; 3:1                ; 7 bits    ; 14 ALUTs      ; 7 ALUTs              ; 7 ALUTs                ; Yes        ; |controlador_can|contador_de_control[0]             ;
; 3:1                ; 7 bits    ; 14 ALUTs      ; 7 ALUTs              ; 7 ALUTs                ; Yes        ; |controlador_can|contador_de_data[4]                ;
; 3:1                ; 7 bits    ; 14 ALUTs      ; 7 ALUTs              ; 7 ALUTs                ; Yes        ; |controlador_can|contador_de_crc[0]                 ;
; 4:1                ; 7 bits    ; 14 ALUTs      ; 14 ALUTs             ; 0 ALUTs                ; Yes        ; |controlador_can|contador_de_unos_para_stuffing[4]  ;
; 4:1                ; 7 bits    ; 14 ALUTs      ; 14 ALUTs             ; 0 ALUTs                ; Yes        ; |controlador_can|contador_de_ceros_para_stuffing[0] ;
; 4:1                ; 8 bits    ; 16 ALUTs      ; 0 ALUTs              ; 16 ALUTs               ; Yes        ; |controlador_can|calculador_crc[13]                 ;
; 4:1                ; 8 bits    ; 16 ALUTs      ; 0 ALUTs              ; 16 ALUTs               ; Yes        ; |controlador_can|calculador_crc[15]                 ;
+--------------------+-----------+---------------+----------------------+------------------------+------------+-----------------------------------------------------+


+-----------------------------------------------------------+
; Source assignments for Top-level Entity: |controlador_can ;
+--------------------------+---------+------+---------------+
; Assignment               ; Value   ; From ; To            ;
+--------------------------+---------+------+---------------+
; STATE_MACHINE_PROCESSING ; ONE_HOT ; -    ; state         ;
+--------------------------+---------+------+---------------+


+---------------------------------------------------------------------------------+
; Parameter Settings for User Entity Instance: Top-level Entity: |controlador_can ;
+-----------------------------+-------+-------------------------------------------+
; Parameter Name              ; Value ; Type                                      ;
+-----------------------------+-------+-------------------------------------------+
; largo_max_data              ; 64    ; Signed Integer                            ;
; largo                       ; 80    ; Signed Integer                            ;
; unos_end_of_frame           ; 7     ; Signed Integer                            ;
; largo_registro_control      ; 6     ; Signed Integer                            ;
; largo_registro_crc          ; 15    ; Signed Integer                            ;
; largo_registro_end_of_frame ; 2     ; Signed Integer                            ;
; max_stuffing                ; 5     ; Signed Integer                            ;
; largo_contadores            ; 127   ; Signed Integer                            ;
; largo_calculador_crc        ; 16    ; Signed Integer                            ;
; cnt_estados                 ; 4     ; Signed Integer                            ;
; largo_registro_arbitraje    ; 12    ; Signed Integer                            ;
+-----------------------------+-------+-------------------------------------------+
Note: In order to hide this table in the UI and the text report file, please set the "Show Parameter Settings Tables in Synthesis Report" option in "Analysis and Synthesis Settings -> More Settings" to "Off".


+-------------------------------+
; Analysis & Synthesis Messages ;
+-------------------------------+
Info: *******************************************************************
Info: Running Quartus II Analysis & Synthesis
    Info: Version 9.0 Build 132 02/25/2009 SJ Web Edition
    Info: Processing started: Mon Nov 20 18:31:50 2017
Info: Command: quartus_map --read_settings_files=on --write_settings_files=off controlador_can -c controlador_can
Info: Found 2 design units, including 1 entities, in source file controlador_can.vhd
    Info: Found design unit 1: controlador_can-arq_cc
    Info: Found entity 1: controlador_can
Info: Found 2 design units, including 1 entities, in source file fifo80.vhd
    Info: Found design unit 1: fifo80-SYN
    Info: Found entity 1: fifo80
Info: Found 2 design units, including 1 entities, in source file buffer_fifo.vhd
    Info: Found design unit 1: buffer_fifo-arq_buffer_fifo
    Info: Found entity 1: buffer_fifo
Info: Elaborating entity "controlador_can" for the top level hierarchy
Warning (10631): VHDL Process Statement warning at controlador_can.vhd(82): inferring latch(es) for signal or variable "largo_data", which holds its previous value in one or more paths through the process
Warning (10631): VHDL Process Statement warning at controlador_can.vhd(164): inferring latch(es) for signal or variable "estado", which holds its previous value in one or more paths through the process
Info (10041): Inferred latch for "estado[0]" at controlador_can.vhd(164)
Info (10041): Inferred latch for "estado[1]" at controlador_can.vhd(164)
Info (10041): Inferred latch for "estado[2]" at controlador_can.vhd(164)
Info (10041): Inferred latch for "estado[3]" at controlador_can.vhd(164)
Info (10041): Inferred latch for "largo_data[0]" at controlador_can.vhd(82)
Info (10041): Inferred latch for "largo_data[1]" at controlador_can.vhd(82)
Info (10041): Inferred latch for "largo_data[2]" at controlador_can.vhd(82)
Info (10041): Inferred latch for "largo_data[3]" at controlador_can.vhd(82)
Info (10041): Inferred latch for "largo_data[4]" at controlador_can.vhd(82)
Info (10041): Inferred latch for "largo_data[5]" at controlador_can.vhd(82)
Info (10041): Inferred latch for "largo_data[6]" at controlador_can.vhd(82)
Warning: Output pins are stuck at VCC or GND
    Warning (13410): Pin "estado[3]" is stuck at GND
Info: Implemented 378 device resources after synthesis - the final resource count might be different
    Info: Implemented 3 input pins
    Info: Implemented 85 output pins
    Info: Implemented 290 logic cells
Info: Quartus II Analysis & Synthesis was successful. 0 errors, 4 warnings
    Info: Peak virtual memory: 272 megabytes
    Info: Processing ended: Mon Nov 20 18:31:52 2017
    Info: Elapsed time: 00:00:02
    Info: Total CPU time (on all processors): 00:00:02


